<?xml version="1.0" encoding="UTF-8"?>
<testsuite name="com.myretail.service.price.PriceServiceImplTest" tests="2" skipped="0" failures="0" errors="0" timestamp="2018-09-11T18:53:56" hostname="88e9fe50ec23" time="0.034">
  <properties/>
  <testcase name="testGetPrice" classname="com.myretail.service.price.PriceServiceImplTest" time="0.0"/>
  <testcase name="testCreatePrice" classname="com.myretail.service.price.PriceServiceImplTest" time="0.034"/>
  <system-out><![CDATA[]]></system-out>
  <system-err><![CDATA[]]></system-err>
</testsuite>
